
*** Running vivado
    with args -log block1_Counter_2_0.vds -m64 -product Vivado -mode batch -messageDb vivado.pb -notrace -source block1_Counter_2_0.tcl


****** Vivado v2018.3 (64-bit)
  **** SW Build 2405991 on Thu Dec  6 23:38:27 MST 2018
  **** IP Build 2404404 on Fri Dec  7 01:43:56 MST 2018
    ** Copyright 1986-2018 Xilinx, Inc. All Rights Reserved.

source block1_Counter_2_0.tcl -notrace
Command: synth_design -top block1_Counter_2_0 -part xc7a100tcsg324-2 -mode out_of_context
Starting synth_design
Attempting to get a license for feature 'Synthesis' and/or device 'xc7a100t'
INFO: [Common 17-349] Got license for feature 'Synthesis' and/or device 'xc7a100t'
INFO: Launching helper process for spawning children vivado processes
INFO: Helper process launched with PID 15316 
WARNING: [Synth 8-2611] redeclaration of ansi port data is not allowed [C:/Users/Bradley/Documents/xavier/xavier2_2018_3/xavier2_2018_3.srcs/sources_1/imports/sources_1/imports/new/Counter.v:40]
---------------------------------------------------------------------------------
Starting RTL Elaboration : Time (s): cpu = 00:00:02 ; elapsed = 00:00:02 . Memory (MB): peak = 446.453 ; gain = 115.605
---------------------------------------------------------------------------------
INFO: [Synth 8-6157] synthesizing module 'block1_Counter_2_0' [c:/Users/Bradley/Documents/xavier/xavier2_2018_3/xavier2_2018_3.srcs/sources_1/bd/block1/ip/block1_Counter_2_0/synth/block1_Counter_2_0.v:58]
INFO: [Synth 8-6157] synthesizing module 'Counter' [C:/Users/Bradley/Documents/xavier/xavier2_2018_3/xavier2_2018_3.srcs/sources_1/imports/sources_1/imports/new/Counter.v:23]
INFO: [Synth 8-6157] synthesizing module 'GrayCounter' [C:/Users/Bradley/Documents/xavier/xavier2_2018_3/xavier2_2018_3.srcs/sources_1/imports/sources_1/new/GrayCounter.v:22]
	Parameter N bound to: 3 - type: integer 
INFO: [Synth 8-4471] merging register 'out3_reg[2:0]' into 'out2_reg[2:0]' [C:/Users/Bradley/Documents/xavier/xavier2_2018_3/xavier2_2018_3.srcs/sources_1/imports/sources_1/new/GrayCounter.v:46]
WARNING: [Synth 8-6014] Unused sequential element out3_reg was removed.  [C:/Users/Bradley/Documents/xavier/xavier2_2018_3/xavier2_2018_3.srcs/sources_1/imports/sources_1/new/GrayCounter.v:46]
INFO: [Synth 8-6155] done synthesizing module 'GrayCounter' (1#1) [C:/Users/Bradley/Documents/xavier/xavier2_2018_3/xavier2_2018_3.srcs/sources_1/imports/sources_1/new/GrayCounter.v:22]
INFO: [Synth 8-6157] synthesizing module 'Gray2Bin' [C:/Users/Bradley/Documents/xavier/xavier2_2018_3/xavier2_2018_3.srcs/sources_1/imports/sources_1/new/Gray2Bin.v:23]
INFO: [Synth 8-6155] done synthesizing module 'Gray2Bin' (2#1) [C:/Users/Bradley/Documents/xavier/xavier2_2018_3/xavier2_2018_3.srcs/sources_1/imports/sources_1/new/Gray2Bin.v:23]
INFO: [Synth 8-6155] done synthesizing module 'Counter' (3#1) [C:/Users/Bradley/Documents/xavier/xavier2_2018_3/xavier2_2018_3.srcs/sources_1/imports/sources_1/imports/new/Counter.v:23]
INFO: [Synth 8-6155] done synthesizing module 'block1_Counter_2_0' (4#1) [c:/Users/Bradley/Documents/xavier/xavier2_2018_3/xavier2_2018_3.srcs/sources_1/bd/block1/ip/block1_Counter_2_0/synth/block1_Counter_2_0.v:58]
WARNING: [Synth 8-3331] design GrayCounter has unconnected port reset
---------------------------------------------------------------------------------
Finished RTL Elaboration : Time (s): cpu = 00:00:02 ; elapsed = 00:00:02 . Memory (MB): peak = 480.305 ; gain = 149.457
---------------------------------------------------------------------------------

Report Check Netlist: 
+------+------------------+-------+---------+-------+------------------+
|      |Item              |Errors |Warnings |Status |Description       |
+------+------------------+-------+---------+-------+------------------+
|1     |multi_driven_nets |      0|        0|Passed |Multi driven nets |
+------+------------------+-------+---------+-------+------------------+
---------------------------------------------------------------------------------
Start Handling Custom Attributes
---------------------------------------------------------------------------------
---------------------------------------------------------------------------------
Finished Handling Custom Attributes : Time (s): cpu = 00:00:03 ; elapsed = 00:00:02 . Memory (MB): peak = 480.305 ; gain = 149.457
---------------------------------------------------------------------------------
---------------------------------------------------------------------------------
Finished RTL Optimization Phase 1 : Time (s): cpu = 00:00:03 ; elapsed = 00:00:02 . Memory (MB): peak = 480.305 ; gain = 149.457
---------------------------------------------------------------------------------
INFO: [Device 21-403] Loading part xc7a100tcsg324-2
INFO: [Project 1-570] Preparing netlist for logic optimization

Processing XDC Constraints
Initializing timing engine
Completed Processing XDC Constraints

Netlist sorting complete. Time (s): cpu = 00:00:00 ; elapsed = 00:00:00 . Memory (MB): peak = 807.188 ; gain = 0.000
INFO: [Project 1-111] Unisim Transformation Summary:
No Unisim elements were transformed.

Netlist sorting complete. Time (s): cpu = 00:00:00 ; elapsed = 00:00:00 . Memory (MB): peak = 807.188 ; gain = 0.000
WARNING: [Constraints 18-5210] No constraints selected for write.
Resolution: This message can indicate that there are no constraints for the design, or it can indicate that the used_in flags are set such that the constraints are ignored. This later case is used when running synth_design to not write synthesis constraints to the resulting checkpoint. Instead, project constraints are read when the synthesized design is opened.
Constraint Validation Runtime : Time (s): cpu = 00:00:01 ; elapsed = 00:00:00.038 . Memory (MB): peak = 809.312 ; gain = 2.125
---------------------------------------------------------------------------------
Finished Constraint Validation : Time (s): cpu = 00:00:08 ; elapsed = 00:00:09 . Memory (MB): peak = 809.312 ; gain = 478.465
---------------------------------------------------------------------------------
---------------------------------------------------------------------------------
Start Loading Part and Timing Information
---------------------------------------------------------------------------------
Loading part: xc7a100tcsg324-2
---------------------------------------------------------------------------------
Finished Loading Part and Timing Information : Time (s): cpu = 00:00:08 ; elapsed = 00:00:09 . Memory (MB): peak = 809.312 ; gain = 478.465
---------------------------------------------------------------------------------
---------------------------------------------------------------------------------
Start Applying 'set_property' XDC Constraints
---------------------------------------------------------------------------------
---------------------------------------------------------------------------------
Finished applying 'set_property' XDC Constraints : Time (s): cpu = 00:00:08 ; elapsed = 00:00:09 . Memory (MB): peak = 809.312 ; gain = 478.465
---------------------------------------------------------------------------------
---------------------------------------------------------------------------------
Finished RTL Optimization Phase 2 : Time (s): cpu = 00:00:09 ; elapsed = 00:00:09 . Memory (MB): peak = 809.312 ; gain = 478.465
---------------------------------------------------------------------------------

Report RTL Partitions: 
+-+--------------+------------+----------+
| |RTL Partition |Replication |Instances |
+-+--------------+------------+----------+
+-+--------------+------------+----------+
---------------------------------------------------------------------------------
Start RTL Component Statistics 
---------------------------------------------------------------------------------
Detailed RTL Component Info : 
+---Adders : 
	   2 Input      3 Bit       Adders := 1     
	   3 Input      3 Bit       Adders := 1     
+---XORs : 
	   2 Input      2 Bit         XORs := 1     
	   2 Input      1 Bit         XORs := 2     
+---Registers : 
	                3 Bit    Registers := 9     
+---Muxes : 
	   2 Input      3 Bit        Muxes := 2     
	   2 Input      1 Bit        Muxes := 1     
---------------------------------------------------------------------------------
Finished RTL Component Statistics 
---------------------------------------------------------------------------------
---------------------------------------------------------------------------------
Start RTL Hierarchical Component Statistics 
---------------------------------------------------------------------------------
Hierarchical RTL Component report 
Module GrayCounter 
Detailed RTL Component Info : 
+---Adders : 
	   2 Input      3 Bit       Adders := 1     
+---XORs : 
	   2 Input      2 Bit         XORs := 1     
+---Registers : 
	                3 Bit    Registers := 3     
Module Gray2Bin 
Detailed RTL Component Info : 
+---XORs : 
	   2 Input      1 Bit         XORs := 2     
Module Counter 
Detailed RTL Component Info : 
+---Adders : 
	   3 Input      3 Bit       Adders := 1     
+---Registers : 
	                3 Bit    Registers := 6     
+---Muxes : 
	   2 Input      3 Bit        Muxes := 2     
	   2 Input      1 Bit        Muxes := 1     
---------------------------------------------------------------------------------
Finished RTL Hierarchical Component Statistics
---------------------------------------------------------------------------------
---------------------------------------------------------------------------------
Start Part Resource Summary
---------------------------------------------------------------------------------
Part Resources:
DSPs: 240 (col length:80)
BRAMs: 270 (col length: RAMB18 80 RAMB36 40)
---------------------------------------------------------------------------------
Finished Part Resource Summary
---------------------------------------------------------------------------------
---------------------------------------------------------------------------------
Start Cross Boundary and Area Optimization
---------------------------------------------------------------------------------
Warning: Parallel synthesis criteria is not met 
INFO: [Synth 8-4471] merging register 'inst/count3_reg[2:0]' into 'inst/count2_reg[2:0]' [C:/Users/Bradley/Documents/xavier/xavier2_2018_3/xavier2_2018_3.srcs/sources_1/imports/sources_1/imports/new/Counter.v:59]
INFO: [Synth 8-3886] merging instance 'inst/gctr/q_reg[1]' (FD) to 'inst/gctr/out1_reg[0]'
---------------------------------------------------------------------------------
Finished Cross Boundary and Area Optimization : Time (s): cpu = 00:00:09 ; elapsed = 00:00:09 . Memory (MB): peak = 809.312 ; gain = 478.465
---------------------------------------------------------------------------------

Report RTL Partitions: 
+-+--------------+------------+----------+
| |RTL Partition |Replication |Instances |
+-+--------------+------------+----------+
+-+--------------+------------+----------+
---------------------------------------------------------------------------------
Start Applying XDC Timing Constraints
---------------------------------------------------------------------------------
---------------------------------------------------------------------------------
Finished Applying XDC Timing Constraints : Time (s): cpu = 00:00:15 ; elapsed = 00:00:15 . Memory (MB): peak = 821.430 ; gain = 490.582
---------------------------------------------------------------------------------
---------------------------------------------------------------------------------
Start Timing Optimization
---------------------------------------------------------------------------------
---------------------------------------------------------------------------------
Finished Timing Optimization : Time (s): cpu = 00:00:15 ; elapsed = 00:00:15 . Memory (MB): peak = 821.430 ; gain = 490.582
---------------------------------------------------------------------------------

Report RTL Partitions: 
+-+--------------+------------+----------+
| |RTL Partition |Replication |Instances |
+-+--------------+------------+----------+
+-+--------------+------------+----------+
---------------------------------------------------------------------------------
Start Technology Mapping
---------------------------------------------------------------------------------
---------------------------------------------------------------------------------
Finished Technology Mapping : Time (s): cpu = 00:00:15 ; elapsed = 00:00:15 . Memory (MB): peak = 831.488 ; gain = 500.641
---------------------------------------------------------------------------------

Report RTL Partitions: 
+-+--------------+------------+----------+
| |RTL Partition |Replication |Instances |
+-+--------------+------------+----------+
+-+--------------+------------+----------+
---------------------------------------------------------------------------------
Start IO Insertion
---------------------------------------------------------------------------------
---------------------------------------------------------------------------------
Start Flattening Before IO Insertion
---------------------------------------------------------------------------------
---------------------------------------------------------------------------------
Finished Flattening Before IO Insertion
---------------------------------------------------------------------------------
---------------------------------------------------------------------------------
Start Final Netlist Cleanup
---------------------------------------------------------------------------------
---------------------------------------------------------------------------------
Finished Final Netlist Cleanup
---------------------------------------------------------------------------------
---------------------------------------------------------------------------------
Finished IO Insertion : Time (s): cpu = 00:00:15 ; elapsed = 00:00:16 . Memory (MB): peak = 831.488 ; gain = 500.641
---------------------------------------------------------------------------------

Report Check Netlist: 
+------+------------------+-------+---------+-------+------------------+
|      |Item              |Errors |Warnings |Status |Description       |
+------+------------------+-------+---------+-------+------------------+
|1     |multi_driven_nets |      0|        0|Passed |Multi driven nets |
+------+------------------+-------+---------+-------+------------------+
---------------------------------------------------------------------------------
Start Renaming Generated Instances
---------------------------------------------------------------------------------
---------------------------------------------------------------------------------
Finished Renaming Generated Instances : Time (s): cpu = 00:00:15 ; elapsed = 00:00:16 . Memory (MB): peak = 831.488 ; gain = 500.641
---------------------------------------------------------------------------------

Report RTL Partitions: 
+-+--------------+------------+----------+
| |RTL Partition |Replication |Instances |
+-+--------------+------------+----------+
+-+--------------+------------+----------+
---------------------------------------------------------------------------------
Start Rebuilding User Hierarchy
---------------------------------------------------------------------------------
---------------------------------------------------------------------------------
Finished Rebuilding User Hierarchy : Time (s): cpu = 00:00:15 ; elapsed = 00:00:16 . Memory (MB): peak = 831.488 ; gain = 500.641
---------------------------------------------------------------------------------
---------------------------------------------------------------------------------
Start Renaming Generated Ports
---------------------------------------------------------------------------------
---------------------------------------------------------------------------------
Finished Renaming Generated Ports : Time (s): cpu = 00:00:15 ; elapsed = 00:00:16 . Memory (MB): peak = 831.488 ; gain = 500.641
---------------------------------------------------------------------------------
---------------------------------------------------------------------------------
Start Handling Custom Attributes
---------------------------------------------------------------------------------
---------------------------------------------------------------------------------
Finished Handling Custom Attributes : Time (s): cpu = 00:00:15 ; elapsed = 00:00:16 . Memory (MB): peak = 831.488 ; gain = 500.641
---------------------------------------------------------------------------------
---------------------------------------------------------------------------------
Start Renaming Generated Nets
---------------------------------------------------------------------------------
---------------------------------------------------------------------------------
Finished Renaming Generated Nets : Time (s): cpu = 00:00:15 ; elapsed = 00:00:16 . Memory (MB): peak = 831.488 ; gain = 500.641
---------------------------------------------------------------------------------
---------------------------------------------------------------------------------
Start Writing Synthesis Report
---------------------------------------------------------------------------------

Report BlackBoxes: 
+-+--------------+----------+
| |BlackBox name |Instances |
+-+--------------+----------+
+-+--------------+----------+

Report Cell Usage: 
+------+-----+------+
|      |Cell |Count |
+------+-----+------+
|1     |LUT1 |     2|
|2     |LUT2 |     5|
|3     |LUT3 |     2|
|4     |LUT4 |     5|
|5     |LUT6 |     4|
|6     |FDRE |    23|
+------+-----+------+

Report Instance Areas: 
+------+---------+------------+------+
|      |Instance |Module      |Cells |
+------+---------+------------+------+
|1     |top      |            |    41|
|2     |  inst   |Counter     |    41|
|3     |    g2b  |Gray2Bin    |     1|
|4     |    gctr |GrayCounter |    12|
+------+---------+------------+------+
---------------------------------------------------------------------------------
Finished Writing Synthesis Report : Time (s): cpu = 00:00:15 ; elapsed = 00:00:16 . Memory (MB): peak = 831.488 ; gain = 500.641
---------------------------------------------------------------------------------
Synthesis finished with 0 errors, 0 critical warnings and 0 warnings.
Synthesis Optimization Runtime : Time (s): cpu = 00:00:09 ; elapsed = 00:00:12 . Memory (MB): peak = 831.488 ; gain = 171.633
Synthesis Optimization Complete : Time (s): cpu = 00:00:16 ; elapsed = 00:00:16 . Memory (MB): peak = 831.488 ; gain = 500.641
INFO: [Project 1-571] Translating synthesized netlist
INFO: [Project 1-570] Preparing netlist for logic optimization
INFO: [Opt 31-138] Pushed 0 inverter(s) to 0 load pin(s).
Netlist sorting complete. Time (s): cpu = 00:00:00 ; elapsed = 00:00:00 . Memory (MB): peak = 847.340 ; gain = 0.000
INFO: [Project 1-111] Unisim Transformation Summary:
No Unisim elements were transformed.

INFO: [Common 17-83] Releasing license: Synthesis
20 Infos, 4 Warnings, 0 Critical Warnings and 0 Errors encountered.
synth_design completed successfully
synth_design: Time (s): cpu = 00:00:17 ; elapsed = 00:00:18 . Memory (MB): peak = 847.340 ; gain = 529.789
Netlist sorting complete. Time (s): cpu = 00:00:00 ; elapsed = 00:00:00 . Memory (MB): peak = 847.340 ; gain = 0.000
WARNING: [Constraints 18-5210] No constraints selected for write.
Resolution: This message can indicate that there are no constraints for the design, or it can indicate that the used_in flags are set such that the constraints are ignored. This later case is used when running synth_design to not write synthesis constraints to the resulting checkpoint. Instead, project constraints are read when the synthesized design is opened.
INFO: [Common 17-1381] The checkpoint 'C:/Users/Bradley/Documents/xavier/xavier2_2018_3/xavier2_2018_3.runs/block1_Counter_2_0_synth_1/block1_Counter_2_0.dcp' has been generated.
INFO: [Coretcl 2-1174] Renamed 3 cell refs.
Netlist sorting complete. Time (s): cpu = 00:00:00 ; elapsed = 00:00:00 . Memory (MB): peak = 847.340 ; gain = 0.000
WARNING: [Constraints 18-5210] No constraints selected for write.
Resolution: This message can indicate that there are no constraints for the design, or it can indicate that the used_in flags are set such that the constraints are ignored. This later case is used when running synth_design to not write synthesis constraints to the resulting checkpoint. Instead, project constraints are read when the synthesized design is opened.
INFO: [Common 17-1381] The checkpoint 'C:/Users/Bradley/Documents/xavier/xavier2_2018_3/xavier2_2018_3.runs/block1_Counter_2_0_synth_1/block1_Counter_2_0.dcp' has been generated.
INFO: [runtcl-4] Executing : report_utilization -file block1_Counter_2_0_utilization_synth.rpt -pb block1_Counter_2_0_utilization_synth.pb
INFO: [Common 17-206] Exiting Vivado at Sat Jun 12 17:01:26 2021...
